

============================== 2022-11-20 05:07:41.399788 | 9ff6573a-b837-497f-8003-8c5b26fe6abc ==============================
[0m05:07:41.399788 [info ] [MainThread]: Running with dbt=1.4.0-a1
[0m05:07:41.399788 [debug] [MainThread]: running dbt with arguments {'write_json': True, 'use_colors': True, 'printer_width': 80, 'version_check': True, 'partial_parse': True, 'static_parser': True, 'profiles_dir': 'C:\\Users\\Etit-Ind5\\.dbt', 'send_anonymous_usage_stats': True, 'event_buffer_size': 100000, 'quiet': False, 'no_print': False, 'which': 'run', 'rpc_method': 'run', 'indirect_selection': 'eager'}
[0m05:07:41.399788 [debug] [MainThread]: Tracking: tracking
[0m05:07:41.446663 [debug] [MainThread]: Sending event: {'category': 'dbt', 'action': 'invocation', 'label': 'start', 'context': [<snowplow_tracker.self_describing_json.SelfDescribingJson object at 0x000001D980759F90>, <snowplow_tracker.self_describing_json.SelfDescribingJson object at 0x000001D980759660>, <snowplow_tracker.self_describing_json.SelfDescribingJson object at 0x000001D980758820>]}
[0m05:07:41.446663 [debug] [MainThread]: Sending event: {'category': 'dbt', 'action': 'invocation', 'label': 'end', 'context': [<snowplow_tracker.self_describing_json.SelfDescribingJson object at 0x000001D980758520>, <snowplow_tracker.self_describing_json.SelfDescribingJson object at 0x000001D98075A380>, <snowplow_tracker.self_describing_json.SelfDescribingJson object at 0x000001D980759360>]}
[0m05:07:41.446663 [debug] [MainThread]: Flushing usage events
[0m05:07:42.748296 [error] [MainThread]: Encountered an error:
Compilation Error
  dbt found 1 package(s) specified in packages.yml, but only 0 package(s) installed in dbt_packages. Run "dbt deps" to install package dependencies.


============================== 2022-11-20 05:08:01.366406 | 80446e84-73b1-4e41-b840-5fd8ee9669f8 ==============================
[0m05:08:01.366406 [info ] [MainThread]: Running with dbt=1.4.0-a1
[0m05:08:01.366406 [debug] [MainThread]: running dbt with arguments {'write_json': True, 'use_colors': True, 'printer_width': 80, 'version_check': True, 'partial_parse': True, 'static_parser': True, 'profiles_dir': 'C:\\Users\\Etit-Ind5\\.dbt', 'send_anonymous_usage_stats': True, 'event_buffer_size': 100000, 'quiet': False, 'no_print': False, 'which': 'deps', 'rpc_method': 'deps', 'indirect_selection': 'eager'}
[0m05:08:01.366406 [debug] [MainThread]: Tracking: tracking
[0m05:08:01.397654 [debug] [MainThread]: Sending event: {'category': 'dbt', 'action': 'invocation', 'label': 'start', 'context': [<snowplow_tracker.self_describing_json.SelfDescribingJson object at 0x0000016BD7D57E80>, <snowplow_tracker.self_describing_json.SelfDescribingJson object at 0x0000016BD7D57250>, <snowplow_tracker.self_describing_json.SelfDescribingJson object at 0x0000016BD7D55570>]}
[0m05:08:01.397654 [debug] [MainThread]: Set downloads directory='C:\Users\ETIT-I~1\AppData\Local\Temp\dbt-downloads-8bfxovld'
[0m05:08:01.397654 [debug] [MainThread]: Executing "git clone --depth 1 https://github.com/dbt-labs/dbt-utils.git b03949bb53de3439f6a8057088ba4032"
[0m05:08:03.267803 [debug] [MainThread]: STDOUT: "b''"
[0m05:08:03.267803 [debug] [MainThread]: STDERR: "b"Cloning into 'b03949bb53de3439f6a8057088ba4032'...\n""
[0m05:08:03.267803 [debug] [MainThread]: Pulling new dependency b03949bb53de3439f6a8057088ba4032.
[0m05:08:03.267803 [debug] [MainThread]: Executing "git rev-parse HEAD"
[0m05:08:03.453217 [debug] [MainThread]: STDOUT: "b'6a5dd1eb97700301eaeba14c23c3682ceac9fb2b\n'"
[0m05:08:03.453217 [debug] [MainThread]: STDERR: "b''"
[0m05:08:03.453217 [debug] [MainThread]:   Checking out revision 0.9.2.
[0m05:08:03.453217 [debug] [MainThread]: Executing "git remote set-branches origin 0.9.2"
[0m05:08:03.609472 [debug] [MainThread]: STDOUT: "b''"
[0m05:08:03.609472 [debug] [MainThread]: STDERR: "b''"
[0m05:08:03.609472 [debug] [MainThread]: Executing "git fetch origin --depth 1 --tags 0.9.2"
[0m05:08:05.812595 [debug] [MainThread]: STDOUT: "b''"
[0m05:08:05.812595 [debug] [MainThread]: STDERR: "b'From https://github.com/dbt-labs/dbt-utils\n * tag               0.9.2      -> FETCH_HEAD\n * [new tag]         0.0.1      -> 0.0.1\n * [new tag]         0.1.0      -> 0.1.0\n * [new tag]         0.1.1      -> 0.1.1\n * [new tag]         0.1.10     -> 0.1.10\n * [new tag]         0.1.11     -> 0.1.11\n * [new tag]         0.1.12     -> 0.1.12\n * [new tag]         0.1.13     -> 0.1.13\n * [new tag]         0.1.14     -> 0.1.14\n * [new tag]         0.1.15     -> 0.1.15\n * [new tag]         0.1.16     -> 0.1.16\n * [new tag]         0.1.17     -> 0.1.17\n * [new tag]         0.1.18     -> 0.1.18\n * [new tag]         0.1.19     -> 0.1.19\n * [new tag]         0.1.2      -> 0.1.2\n * [new tag]         0.1.20     -> 0.1.20\n * [new tag]         0.1.21     -> 0.1.21\n * [new tag]         0.1.22     -> 0.1.22\n * [new tag]         0.1.23     -> 0.1.23\n * [new tag]         0.1.24     -> 0.1.24\n * [new tag]         0.1.25     -> 0.1.25\n * [new tag]         0.1.3      -> 0.1.3\n * [new tag]         0.1.4      -> 0.1.4\n * [new tag]         0.1.5      -> 0.1.5\n * [new tag]         0.1.6      -> 0.1.6\n * [new tag]         0.1.7      -> 0.1.7\n * [new tag]         0.1.8      -> 0.1.8\n * [new tag]         0.1.9      -> 0.1.9\n * [new tag]         0.2.0      -> 0.2.0\n * [new tag]         0.2.1      -> 0.2.1\n * [new tag]         0.2.2      -> 0.2.2\n * [new tag]         0.2.3      -> 0.2.3\n * [new tag]         0.2.4      -> 0.2.4\n * [new tag]         0.2.5      -> 0.2.5\n * [new tag]         0.3.0      -> 0.3.0\n * [new tag]         0.4.0      -> 0.4.0\n * [new tag]         0.4.1      -> 0.4.1\n * [new tag]         0.5.0      -> 0.5.0\n * [new tag]         0.5.1      -> 0.5.1\n * [new tag]         0.6.0      -> 0.6.0\n * [new tag]         0.6.1      -> 0.6.1\n * [new tag]         0.6.2      -> 0.6.2\n * [new tag]         0.6.3      -> 0.6.3\n * [new tag]         0.6.4      -> 0.6.4\n * [new tag]         0.6.5      -> 0.6.5\n * [new tag]         0.6.6      -> 0.6.6\n * [new tag]         0.7.0      -> 0.7.0\n * [new tag]         0.7.1      -> 0.7.1\n * [new tag]         0.7.2      -> 0.7.2\n * [new tag]         0.7.3      -> 0.7.3\n * [new tag]         0.7.4      -> 0.7.4\n * [new tag]         0.7.4-b1   -> 0.7.4-b1\n * [new tag]         0.7.4b1    -> 0.7.4b1\n * [new tag]         0.7.5      -> 0.7.5\n * [new tag]         0.7.6      -> 0.7.6\n * [new tag]         0.8.0      -> 0.8.0\n * [new tag]         0.8.1      -> 0.8.1\n * [new tag]         0.8.2      -> 0.8.2\n * [new tag]         0.8.3      -> 0.8.3\n * [new tag]         0.8.4      -> 0.8.4\n * [new tag]         0.8.5      -> 0.8.5\n * [new tag]         0.8.6      -> 0.8.6\n * [new tag]         0.9.0      -> 0.9.0\n * [new tag]         0.9.1      -> 0.9.1\n * [new tag]         0.9.2      -> 0.9.2\n * [new tag]         1.0.0-b1   -> 1.0.0-b1\n * [new tag]         1.0.0-b2   -> 1.0.0-b2\n'"
[0m05:08:05.812595 [debug] [MainThread]: Executing "git tag --list"
[0m05:08:05.984473 [debug] [MainThread]: STDOUT: "b'0.0.1\n0.1.0\n0.1.1\n0.1.10\n0.1.11\n0.1.12\n0.1.13\n0.1.14\n0.1.15\n0.1.16\n0.1.17\n0.1.18\n0.1.19\n0.1.2\n0.1.20\n0.1.21\n0.1.22\n0.1.23\n0.1.24\n0.1.25\n0.1.3\n0.1.4\n0.1.5\n0.1.6\n0.1.7\n0.1.8\n0.1.9\n0.2.0\n0.2.1\n0.2.2\n0.2.3\n0.2.4\n0.2.5\n0.3.0\n0.4.0\n0.4.1\n0.5.0\n0.5.1\n0.6.0\n0.6.1\n0.6.2\n0.6.3\n0.6.4\n0.6.5\n0.6.6\n0.7.0\n0.7.1\n0.7.2\n0.7.3\n0.7.4\n0.7.4-b1\n0.7.4b1\n0.7.5\n0.7.6\n0.8.0\n0.8.1\n0.8.2\n0.8.3\n0.8.4\n0.8.5\n0.8.6\n0.9.0\n0.9.1\n0.9.2\n1.0.0-b1\n1.0.0-b2\n'"
[0m05:08:05.984473 [debug] [MainThread]: STDERR: "b''"
[0m05:08:05.984473 [debug] [MainThread]: Executing "git reset --hard tags/0.9.2"
[0m05:08:06.481638 [debug] [MainThread]: STDOUT: "b'HEAD is now at 064c2ab Add where clause example (#623)\n'"
[0m05:08:06.481638 [debug] [MainThread]: STDERR: "b''"
[0m05:08:06.481638 [debug] [MainThread]: Executing "git rev-parse HEAD"
[0m05:08:06.622262 [debug] [MainThread]: STDOUT: "b'064c2abee80816ea855de32e66e54e96d9916677\n'"
[0m05:08:06.622262 [debug] [MainThread]: STDERR: "b''"
[0m05:08:06.622262 [debug] [MainThread]:   Checked out at 064c2ab.
[0m05:08:06.637892 [debug] [MainThread]: Executing "git clone --depth 1 https://github.com/dbt-labs/dbt-utils.git b03949bb53de3439f6a8057088ba4032"
[0m05:08:06.825394 [debug] [MainThread]: STDOUT: "b''"
[0m05:08:06.825394 [debug] [MainThread]: STDERR: "b"fatal: destination path 'b03949bb53de3439f6a8057088ba4032' already exists and is not an empty directory.\n""
[0m05:08:06.825394 [debug] [MainThread]: command return code=128
[0m05:08:06.841015 [debug] [MainThread]: Updating existing dependency b03949bb53de3439f6a8057088ba4032.
[0m05:08:06.841015 [debug] [MainThread]: Executing "git rev-parse HEAD"
[0m05:08:06.981637 [debug] [MainThread]: STDOUT: "b'064c2abee80816ea855de32e66e54e96d9916677\n'"
[0m05:08:06.981637 [debug] [MainThread]: STDERR: "b''"
[0m05:08:06.981637 [debug] [MainThread]:   Checking out revision 0.9.2.
[0m05:08:06.981637 [debug] [MainThread]: Executing "git remote set-branches origin 0.9.2"
[0m05:08:07.142657 [debug] [MainThread]: STDOUT: "b''"
[0m05:08:07.142657 [debug] [MainThread]: STDERR: "b''"
[0m05:08:07.142657 [debug] [MainThread]: Executing "git fetch origin --depth 1 --tags 0.9.2"
[0m05:08:08.638082 [debug] [MainThread]: STDOUT: "b''"
[0m05:08:08.638082 [debug] [MainThread]: STDERR: "b'From https://github.com/dbt-labs/dbt-utils\n * tag               0.9.2      -> FETCH_HEAD\n'"
[0m05:08:08.638082 [debug] [MainThread]: Executing "git tag --list"
[0m05:08:08.825583 [debug] [MainThread]: STDOUT: "b'0.0.1\n0.1.0\n0.1.1\n0.1.10\n0.1.11\n0.1.12\n0.1.13\n0.1.14\n0.1.15\n0.1.16\n0.1.17\n0.1.18\n0.1.19\n0.1.2\n0.1.20\n0.1.21\n0.1.22\n0.1.23\n0.1.24\n0.1.25\n0.1.3\n0.1.4\n0.1.5\n0.1.6\n0.1.7\n0.1.8\n0.1.9\n0.2.0\n0.2.1\n0.2.2\n0.2.3\n0.2.4\n0.2.5\n0.3.0\n0.4.0\n0.4.1\n0.5.0\n0.5.1\n0.6.0\n0.6.1\n0.6.2\n0.6.3\n0.6.4\n0.6.5\n0.6.6\n0.7.0\n0.7.1\n0.7.2\n0.7.3\n0.7.4\n0.7.4-b1\n0.7.4b1\n0.7.5\n0.7.6\n0.8.0\n0.8.1\n0.8.2\n0.8.3\n0.8.4\n0.8.5\n0.8.6\n0.9.0\n0.9.1\n0.9.2\n1.0.0-b1\n1.0.0-b2\n'"
[0m05:08:08.825583 [debug] [MainThread]: STDERR: "b''"
[0m05:08:08.825583 [debug] [MainThread]: Executing "git reset --hard tags/0.9.2"
[0m05:08:09.107122 [debug] [MainThread]: STDOUT: "b'HEAD is now at 064c2ab Add where clause example (#623)\n'"
[0m05:08:09.107122 [debug] [MainThread]: STDERR: "b''"
[0m05:08:09.107122 [debug] [MainThread]: Executing "git rev-parse HEAD"
[0m05:08:09.247764 [debug] [MainThread]: STDOUT: "b'064c2abee80816ea855de32e66e54e96d9916677\n'"
[0m05:08:09.247764 [debug] [MainThread]: STDERR: "b''"
[0m05:08:09.247764 [debug] [MainThread]: Already at 064c2ab, nothing to do.
[0m05:08:09.263395 [info ] [MainThread]: Installing https://github.com/dbt-labs/dbt-utils.git
[0m05:08:09.263395 [debug] [MainThread]: Executing "git clone --depth 1 https://github.com/dbt-labs/dbt-utils.git b03949bb53de3439f6a8057088ba4032"
[0m05:08:09.419637 [debug] [MainThread]: STDOUT: "b''"
[0m05:08:09.419637 [debug] [MainThread]: STDERR: "b"fatal: destination path 'b03949bb53de3439f6a8057088ba4032' already exists and is not an empty directory.\n""
[0m05:08:09.419637 [debug] [MainThread]: command return code=128
[0m05:08:09.435262 [debug] [MainThread]: Updating existing dependency b03949bb53de3439f6a8057088ba4032.
[0m05:08:09.435262 [debug] [MainThread]: Executing "git rev-parse HEAD"
[0m05:08:09.575888 [debug] [MainThread]: STDOUT: "b'064c2abee80816ea855de32e66e54e96d9916677\n'"
[0m05:08:09.575888 [debug] [MainThread]: STDERR: "b''"
[0m05:08:09.575888 [debug] [MainThread]:   Checking out revision 0.9.2.
[0m05:08:09.575888 [debug] [MainThread]: Executing "git remote set-branches origin 0.9.2"
[0m05:08:09.716515 [debug] [MainThread]: STDOUT: "b''"
[0m05:08:09.716515 [debug] [MainThread]: STDERR: "b''"
[0m05:08:09.716515 [debug] [MainThread]: Executing "git fetch origin --depth 1 --tags 0.9.2"
[0m05:08:11.107138 [debug] [MainThread]: STDOUT: "b''"
[0m05:08:11.107138 [debug] [MainThread]: STDERR: "b'From https://github.com/dbt-labs/dbt-utils\n * tag               0.9.2      -> FETCH_HEAD\n'"
[0m05:08:11.107138 [debug] [MainThread]: Executing "git tag --list"
[0m05:08:11.328483 [debug] [MainThread]: STDOUT: "b'0.0.1\n0.1.0\n0.1.1\n0.1.10\n0.1.11\n0.1.12\n0.1.13\n0.1.14\n0.1.15\n0.1.16\n0.1.17\n0.1.18\n0.1.19\n0.1.2\n0.1.20\n0.1.21\n0.1.22\n0.1.23\n0.1.24\n0.1.25\n0.1.3\n0.1.4\n0.1.5\n0.1.6\n0.1.7\n0.1.8\n0.1.9\n0.2.0\n0.2.1\n0.2.2\n0.2.3\n0.2.4\n0.2.5\n0.3.0\n0.4.0\n0.4.1\n0.5.0\n0.5.1\n0.6.0\n0.6.1\n0.6.2\n0.6.3\n0.6.4\n0.6.5\n0.6.6\n0.7.0\n0.7.1\n0.7.2\n0.7.3\n0.7.4\n0.7.4-b1\n0.7.4b1\n0.7.5\n0.7.6\n0.8.0\n0.8.1\n0.8.2\n0.8.3\n0.8.4\n0.8.5\n0.8.6\n0.9.0\n0.9.1\n0.9.2\n1.0.0-b1\n1.0.0-b2\n'"
[0m05:08:11.328483 [debug] [MainThread]: STDERR: "b''"
[0m05:08:11.328483 [debug] [MainThread]: Executing "git reset --hard tags/0.9.2"
[0m05:08:11.547235 [debug] [MainThread]: STDOUT: "b'HEAD is now at 064c2ab Add where clause example (#623)\n'"
[0m05:08:11.547235 [debug] [MainThread]: STDERR: "b''"
[0m05:08:11.547235 [debug] [MainThread]: Executing "git rev-parse HEAD"
[0m05:08:11.687862 [debug] [MainThread]: STDOUT: "b'064c2abee80816ea855de32e66e54e96d9916677\n'"
[0m05:08:11.687862 [debug] [MainThread]: STDERR: "b''"
[0m05:08:11.703485 [debug] [MainThread]: Already at 064c2ab, nothing to do.
[0m05:08:11.703485 [info ] [MainThread]:   Installed from revision 0.9.2
[0m05:08:11.703485 [debug] [MainThread]: Sending event: {'category': 'dbt', 'action': 'package', 'label': '80446e84-73b1-4e41-b840-5fd8ee9669f8', 'property_': 'install', 'context': [<snowplow_tracker.self_describing_json.SelfDescribingJson object at 0x0000016BD7DB7CA0>, <snowplow_tracker.self_describing_json.SelfDescribingJson object at 0x0000016BD7DB7AF0>]}
[0m05:08:11.703485 [debug] [MainThread]: Sending event: {'category': 'dbt', 'action': 'invocation', 'label': 'end', 'context': [<snowplow_tracker.self_describing_json.SelfDescribingJson object at 0x0000016BD7D57E80>, <snowplow_tracker.self_describing_json.SelfDescribingJson object at 0x0000016BD7DB75B0>, <snowplow_tracker.self_describing_json.SelfDescribingJson object at 0x0000016BD7DB5210>]}
[0m05:08:11.703485 [debug] [MainThread]: Flushing usage events


============================== 2022-11-20 05:08:24.741140 | 5d8d030b-cf36-4258-9c38-53590668e678 ==============================
[0m05:08:24.741140 [info ] [MainThread]: Running with dbt=1.4.0-a1
[0m05:08:24.741140 [debug] [MainThread]: running dbt with arguments {'write_json': True, 'use_colors': True, 'printer_width': 80, 'version_check': True, 'partial_parse': True, 'static_parser': True, 'profiles_dir': 'C:\\Users\\Etit-Ind5\\.dbt', 'send_anonymous_usage_stats': True, 'event_buffer_size': 100000, 'quiet': False, 'no_print': False, 'which': 'deps', 'rpc_method': 'deps', 'indirect_selection': 'eager'}
[0m05:08:24.741140 [debug] [MainThread]: Tracking: tracking
[0m05:08:24.772388 [debug] [MainThread]: Sending event: {'category': 'dbt', 'action': 'invocation', 'label': 'start', 'context': [<snowplow_tracker.self_describing_json.SelfDescribingJson object at 0x0000023F74087CD0>, <snowplow_tracker.self_describing_json.SelfDescribingJson object at 0x0000023F74084430>, <snowplow_tracker.self_describing_json.SelfDescribingJson object at 0x0000023F74087100>]}
[0m05:08:24.772388 [debug] [MainThread]: Set downloads directory='C:\Users\ETIT-I~1\AppData\Local\Temp\dbt-downloads-4cnpi0gs'
[0m05:08:24.772388 [debug] [MainThread]: Executing "git clone --depth 1 https://github.com/dbt-labs/dbt-utils.git b03949bb53de3439f6a8057088ba4032"
[0m05:08:27.096693 [debug] [MainThread]: STDOUT: "b''"
[0m05:08:27.096693 [debug] [MainThread]: STDERR: "b"Cloning into 'b03949bb53de3439f6a8057088ba4032'...\n""
[0m05:08:27.096693 [debug] [MainThread]: Pulling new dependency b03949bb53de3439f6a8057088ba4032.
[0m05:08:27.096693 [debug] [MainThread]: Executing "git rev-parse HEAD"
[0m05:08:27.290645 [debug] [MainThread]: STDOUT: "b'6a5dd1eb97700301eaeba14c23c3682ceac9fb2b\n'"
[0m05:08:27.297036 [debug] [MainThread]: STDERR: "b''"
[0m05:08:27.299646 [debug] [MainThread]:   Checking out revision 0.9.2.
[0m05:08:27.300209 [debug] [MainThread]: Executing "git remote set-branches origin 0.9.2"
[0m05:08:27.455582 [debug] [MainThread]: STDOUT: "b''"
[0m05:08:27.455582 [debug] [MainThread]: STDERR: "b''"
[0m05:08:27.455582 [debug] [MainThread]: Executing "git fetch origin --depth 1 --tags 0.9.2"
[0m05:08:29.675291 [debug] [MainThread]: STDOUT: "b''"
[0m05:08:29.675291 [debug] [MainThread]: STDERR: "b'From https://github.com/dbt-labs/dbt-utils\n * tag               0.9.2      -> FETCH_HEAD\n * [new tag]         0.0.1      -> 0.0.1\n * [new tag]         0.1.0      -> 0.1.0\n * [new tag]         0.1.1      -> 0.1.1\n * [new tag]         0.1.10     -> 0.1.10\n * [new tag]         0.1.11     -> 0.1.11\n * [new tag]         0.1.12     -> 0.1.12\n * [new tag]         0.1.13     -> 0.1.13\n * [new tag]         0.1.14     -> 0.1.14\n * [new tag]         0.1.15     -> 0.1.15\n * [new tag]         0.1.16     -> 0.1.16\n * [new tag]         0.1.17     -> 0.1.17\n * [new tag]         0.1.18     -> 0.1.18\n * [new tag]         0.1.19     -> 0.1.19\n * [new tag]         0.1.2      -> 0.1.2\n * [new tag]         0.1.20     -> 0.1.20\n * [new tag]         0.1.21     -> 0.1.21\n * [new tag]         0.1.22     -> 0.1.22\n * [new tag]         0.1.23     -> 0.1.23\n * [new tag]         0.1.24     -> 0.1.24\n * [new tag]         0.1.25     -> 0.1.25\n * [new tag]         0.1.3      -> 0.1.3\n * [new tag]         0.1.4      -> 0.1.4\n * [new tag]         0.1.5      -> 0.1.5\n * [new tag]         0.1.6      -> 0.1.6\n * [new tag]         0.1.7      -> 0.1.7\n * [new tag]         0.1.8      -> 0.1.8\n * [new tag]         0.1.9      -> 0.1.9\n * [new tag]         0.2.0      -> 0.2.0\n * [new tag]         0.2.1      -> 0.2.1\n * [new tag]         0.2.2      -> 0.2.2\n * [new tag]         0.2.3      -> 0.2.3\n * [new tag]         0.2.4      -> 0.2.4\n * [new tag]         0.2.5      -> 0.2.5\n * [new tag]         0.3.0      -> 0.3.0\n * [new tag]         0.4.0      -> 0.4.0\n * [new tag]         0.4.1      -> 0.4.1\n * [new tag]         0.5.0      -> 0.5.0\n * [new tag]         0.5.1      -> 0.5.1\n * [new tag]         0.6.0      -> 0.6.0\n * [new tag]         0.6.1      -> 0.6.1\n * [new tag]         0.6.2      -> 0.6.2\n * [new tag]         0.6.3      -> 0.6.3\n * [new tag]         0.6.4      -> 0.6.4\n * [new tag]         0.6.5      -> 0.6.5\n * [new tag]         0.6.6      -> 0.6.6\n * [new tag]         0.7.0      -> 0.7.0\n * [new tag]         0.7.1      -> 0.7.1\n * [new tag]         0.7.2      -> 0.7.2\n * [new tag]         0.7.3      -> 0.7.3\n * [new tag]         0.7.4      -> 0.7.4\n * [new tag]         0.7.4-b1   -> 0.7.4-b1\n * [new tag]         0.7.4b1    -> 0.7.4b1\n * [new tag]         0.7.5      -> 0.7.5\n * [new tag]         0.7.6      -> 0.7.6\n * [new tag]         0.8.0      -> 0.8.0\n * [new tag]         0.8.1      -> 0.8.1\n * [new tag]         0.8.2      -> 0.8.2\n * [new tag]         0.8.3      -> 0.8.3\n * [new tag]         0.8.4      -> 0.8.4\n * [new tag]         0.8.5      -> 0.8.5\n * [new tag]         0.8.6      -> 0.8.6\n * [new tag]         0.9.0      -> 0.9.0\n * [new tag]         0.9.1      -> 0.9.1\n * [new tag]         0.9.2      -> 0.9.2\n * [new tag]         1.0.0-b1   -> 1.0.0-b1\n * [new tag]         1.0.0-b2   -> 1.0.0-b2\n'"
[0m05:08:29.675291 [debug] [MainThread]: Executing "git tag --list"
[0m05:08:29.878416 [debug] [MainThread]: STDOUT: "b'0.0.1\n0.1.0\n0.1.1\n0.1.10\n0.1.11\n0.1.12\n0.1.13\n0.1.14\n0.1.15\n0.1.16\n0.1.17\n0.1.18\n0.1.19\n0.1.2\n0.1.20\n0.1.21\n0.1.22\n0.1.23\n0.1.24\n0.1.25\n0.1.3\n0.1.4\n0.1.5\n0.1.6\n0.1.7\n0.1.8\n0.1.9\n0.2.0\n0.2.1\n0.2.2\n0.2.3\n0.2.4\n0.2.5\n0.3.0\n0.4.0\n0.4.1\n0.5.0\n0.5.1\n0.6.0\n0.6.1\n0.6.2\n0.6.3\n0.6.4\n0.6.5\n0.6.6\n0.7.0\n0.7.1\n0.7.2\n0.7.3\n0.7.4\n0.7.4-b1\n0.7.4b1\n0.7.5\n0.7.6\n0.8.0\n0.8.1\n0.8.2\n0.8.3\n0.8.4\n0.8.5\n0.8.6\n0.9.0\n0.9.1\n0.9.2\n1.0.0-b1\n1.0.0-b2\n'"
[0m05:08:29.878416 [debug] [MainThread]: STDERR: "b''"
[0m05:08:29.878416 [debug] [MainThread]: Executing "git reset --hard tags/0.9.2"
[0m05:08:30.288483 [debug] [MainThread]: STDOUT: "b'HEAD is now at 064c2ab Add where clause example (#623)\n'"
[0m05:08:30.288483 [debug] [MainThread]: STDERR: "b''"
[0m05:08:30.288483 [debug] [MainThread]: Executing "git rev-parse HEAD"
[0m05:08:30.479029 [debug] [MainThread]: STDOUT: "b'064c2abee80816ea855de32e66e54e96d9916677\n'"
[0m05:08:30.479029 [debug] [MainThread]: STDERR: "b''"
[0m05:08:30.479029 [debug] [MainThread]:   Checked out at 064c2ab.
[0m05:08:30.510282 [debug] [MainThread]: Executing "git clone --depth 1 https://github.com/dbt-labs/dbt-utils.git b03949bb53de3439f6a8057088ba4032"
[0m05:08:30.729030 [debug] [MainThread]: STDOUT: "b''"
[0m05:08:30.729030 [debug] [MainThread]: STDERR: "b"fatal: destination path 'b03949bb53de3439f6a8057088ba4032' already exists and is not an empty directory.\n""
[0m05:08:30.729030 [debug] [MainThread]: command return code=128
[0m05:08:30.729030 [debug] [MainThread]: Updating existing dependency b03949bb53de3439f6a8057088ba4032.
[0m05:08:30.729030 [debug] [MainThread]: Executing "git rev-parse HEAD"
[0m05:08:30.916531 [debug] [MainThread]: STDOUT: "b'064c2abee80816ea855de32e66e54e96d9916677\n'"
[0m05:08:30.916531 [debug] [MainThread]: STDERR: "b''"
[0m05:08:30.916531 [debug] [MainThread]:   Checking out revision 0.9.2.
[0m05:08:30.916531 [debug] [MainThread]: Executing "git remote set-branches origin 0.9.2"
[0m05:08:31.088404 [debug] [MainThread]: STDOUT: "b''"
[0m05:08:31.088404 [debug] [MainThread]: STDERR: "b''"
[0m05:08:31.088404 [debug] [MainThread]: Executing "git fetch origin --depth 1 --tags 0.9.2"
[0m05:08:33.101326 [debug] [MainThread]: STDOUT: "b''"
[0m05:08:33.102327 [debug] [MainThread]: STDERR: "b'From https://github.com/dbt-labs/dbt-utils\n * tag               0.9.2      -> FETCH_HEAD\n'"
[0m05:08:33.103327 [debug] [MainThread]: Executing "git tag --list"
[0m05:08:33.452758 [debug] [MainThread]: STDOUT: "b'0.0.1\n0.1.0\n0.1.1\n0.1.10\n0.1.11\n0.1.12\n0.1.13\n0.1.14\n0.1.15\n0.1.16\n0.1.17\n0.1.18\n0.1.19\n0.1.2\n0.1.20\n0.1.21\n0.1.22\n0.1.23\n0.1.24\n0.1.25\n0.1.3\n0.1.4\n0.1.5\n0.1.6\n0.1.7\n0.1.8\n0.1.9\n0.2.0\n0.2.1\n0.2.2\n0.2.3\n0.2.4\n0.2.5\n0.3.0\n0.4.0\n0.4.1\n0.5.0\n0.5.1\n0.6.0\n0.6.1\n0.6.2\n0.6.3\n0.6.4\n0.6.5\n0.6.6\n0.7.0\n0.7.1\n0.7.2\n0.7.3\n0.7.4\n0.7.4-b1\n0.7.4b1\n0.7.5\n0.7.6\n0.8.0\n0.8.1\n0.8.2\n0.8.3\n0.8.4\n0.8.5\n0.8.6\n0.9.0\n0.9.1\n0.9.2\n1.0.0-b1\n1.0.0-b2\n'"
[0m05:08:33.453761 [debug] [MainThread]: STDERR: "b''"
[0m05:08:33.454757 [debug] [MainThread]: Executing "git reset --hard tags/0.9.2"
[0m05:08:33.876321 [debug] [MainThread]: STDOUT: "b'HEAD is now at 064c2ab Add where clause example (#623)\n'"
[0m05:08:33.877323 [debug] [MainThread]: STDERR: "b''"
[0m05:08:33.878322 [debug] [MainThread]: Executing "git rev-parse HEAD"
[0m05:08:34.079038 [debug] [MainThread]: STDOUT: "b'064c2abee80816ea855de32e66e54e96d9916677\n'"
[0m05:08:34.080041 [debug] [MainThread]: STDERR: "b''"
[0m05:08:34.082042 [debug] [MainThread]: Already at 064c2ab, nothing to do.
[0m05:08:34.105037 [info ] [MainThread]: Installing https://github.com/dbt-labs/dbt-utils.git
[0m05:08:34.360885 [debug] [MainThread]: Executing "git clone --depth 1 https://github.com/dbt-labs/dbt-utils.git b03949bb53de3439f6a8057088ba4032"
[0m05:08:35.317073 [debug] [MainThread]: STDOUT: "b''"
[0m05:08:35.318075 [debug] [MainThread]: STDERR: "b"fatal: destination path 'b03949bb53de3439f6a8057088ba4032' already exists and is not an empty directory.\n""
[0m05:08:35.318075 [debug] [MainThread]: command return code=128
[0m05:08:35.322080 [debug] [MainThread]: Updating existing dependency b03949bb53de3439f6a8057088ba4032.
[0m05:08:35.323080 [debug] [MainThread]: Executing "git rev-parse HEAD"
[0m05:08:35.689072 [debug] [MainThread]: STDOUT: "b'064c2abee80816ea855de32e66e54e96d9916677\n'"
[0m05:08:35.690072 [debug] [MainThread]: STDERR: "b''"
[0m05:08:35.692078 [debug] [MainThread]:   Checking out revision 0.9.2.
[0m05:08:35.693078 [debug] [MainThread]: Executing "git remote set-branches origin 0.9.2"
[0m05:08:36.516427 [debug] [MainThread]: STDOUT: "b''"
[0m05:08:36.517415 [debug] [MainThread]: STDERR: "b''"
[0m05:08:36.518417 [debug] [MainThread]: Executing "git fetch origin --depth 1 --tags 0.9.2"
[0m05:08:38.670272 [debug] [MainThread]: STDOUT: "b''"
[0m05:08:38.671273 [debug] [MainThread]: STDERR: "b'From https://github.com/dbt-labs/dbt-utils\n * tag               0.9.2      -> FETCH_HEAD\n'"
[0m05:08:38.671273 [debug] [MainThread]: Executing "git tag --list"
[0m05:08:39.028284 [debug] [MainThread]: STDOUT: "b'0.0.1\n0.1.0\n0.1.1\n0.1.10\n0.1.11\n0.1.12\n0.1.13\n0.1.14\n0.1.15\n0.1.16\n0.1.17\n0.1.18\n0.1.19\n0.1.2\n0.1.20\n0.1.21\n0.1.22\n0.1.23\n0.1.24\n0.1.25\n0.1.3\n0.1.4\n0.1.5\n0.1.6\n0.1.7\n0.1.8\n0.1.9\n0.2.0\n0.2.1\n0.2.2\n0.2.3\n0.2.4\n0.2.5\n0.3.0\n0.4.0\n0.4.1\n0.5.0\n0.5.1\n0.6.0\n0.6.1\n0.6.2\n0.6.3\n0.6.4\n0.6.5\n0.6.6\n0.7.0\n0.7.1\n0.7.2\n0.7.3\n0.7.4\n0.7.4-b1\n0.7.4b1\n0.7.5\n0.7.6\n0.8.0\n0.8.1\n0.8.2\n0.8.3\n0.8.4\n0.8.5\n0.8.6\n0.9.0\n0.9.1\n0.9.2\n1.0.0-b1\n1.0.0-b2\n'"
[0m05:08:39.029273 [debug] [MainThread]: STDERR: "b''"
[0m05:08:39.030273 [debug] [MainThread]: Executing "git reset --hard tags/0.9.2"
[0m05:08:39.397733 [debug] [MainThread]: STDOUT: "b'HEAD is now at 064c2ab Add where clause example (#623)\n'"
[0m05:08:39.398738 [debug] [MainThread]: STDERR: "b''"
[0m05:08:39.400738 [debug] [MainThread]: Executing "git rev-parse HEAD"
[0m05:08:39.677731 [debug] [MainThread]: STDOUT: "b'064c2abee80816ea855de32e66e54e96d9916677\n'"
[0m05:08:39.678817 [debug] [MainThread]: STDERR: "b''"
[0m05:08:39.680575 [debug] [MainThread]: Already at 064c2ab, nothing to do.
[0m05:08:39.689157 [info ] [MainThread]:   Installed from revision 0.9.2
[0m05:08:39.692175 [debug] [MainThread]: Sending event: {'category': 'dbt', 'action': 'package', 'label': '5d8d030b-cf36-4258-9c38-53590668e678', 'property_': 'install', 'context': [<snowplow_tracker.self_describing_json.SelfDescribingJson object at 0x0000023F740E4910>, <snowplow_tracker.self_describing_json.SelfDescribingJson object at 0x0000023F740E4CA0>]}
[0m05:08:39.696180 [debug] [MainThread]: Sending event: {'category': 'dbt', 'action': 'invocation', 'label': 'end', 'context': [<snowplow_tracker.self_describing_json.SelfDescribingJson object at 0x0000023F74087BE0>, <snowplow_tracker.self_describing_json.SelfDescribingJson object at 0x0000023F740E7730>, <snowplow_tracker.self_describing_json.SelfDescribingJson object at 0x0000023F740E5810>]}
[0m05:08:39.698177 [debug] [MainThread]: Flushing usage events


============================== 2022-11-20 05:09:07.283087 | 70a4a1a5-99a9-4d25-982e-a61849b3c42b ==============================
[0m05:09:07.283087 [info ] [MainThread]: Running with dbt=1.4.0-a1
[0m05:09:07.298716 [debug] [MainThread]: running dbt with arguments {'write_json': True, 'use_colors': True, 'printer_width': 80, 'version_check': True, 'partial_parse': True, 'static_parser': True, 'profiles_dir': 'C:\\Users\\Etit-Ind5\\.dbt', 'send_anonymous_usage_stats': True, 'event_buffer_size': 100000, 'quiet': False, 'no_print': False, 'which': 'run', 'rpc_method': 'run', 'indirect_selection': 'eager'}
[0m05:09:07.298716 [debug] [MainThread]: Tracking: tracking
[0m05:09:07.314343 [debug] [MainThread]: Sending event: {'category': 'dbt', 'action': 'invocation', 'label': 'start', 'context': [<snowplow_tracker.self_describing_json.SelfDescribingJson object at 0x0000027235A02140>, <snowplow_tracker.self_describing_json.SelfDescribingJson object at 0x0000027235A01810>, <snowplow_tracker.self_describing_json.SelfDescribingJson object at 0x0000027235A009D0>]}
[0m05:09:07.376834 [info ] [MainThread]: Partial parse save file not found. Starting full parse.
[0m05:09:07.376834 [debug] [MainThread]: Sending event: {'category': 'dbt', 'action': 'partial_parser', 'label': '70a4a1a5-99a9-4d25-982e-a61849b3c42b', 'context': [<snowplow_tracker.self_describing_json.SelfDescribingJson object at 0x0000027235A03F70>]}
[0m05:09:07.871853 [debug] [MainThread]: Parsing macros\adapters.sql
[0m05:09:07.934352 [debug] [MainThread]: Parsing macros\catalog.sql
[0m05:09:07.949978 [debug] [MainThread]: Parsing macros\relations.sql
[0m05:09:07.949978 [debug] [MainThread]: Parsing macros\timestamps.sql
[0m05:09:07.949978 [debug] [MainThread]: Parsing macros\materializations\incremental_strategies.sql
[0m05:09:07.949978 [debug] [MainThread]: Parsing macros\materializations\snapshot_merge.sql
[0m05:09:07.965607 [debug] [MainThread]: Parsing macros\utils\any_value.sql
[0m05:09:07.965607 [debug] [MainThread]: Parsing macros\utils\dateadd.sql
[0m05:09:07.965607 [debug] [MainThread]: Parsing macros\utils\datediff.sql
[0m05:09:07.981228 [debug] [MainThread]: Parsing macros\utils\last_day.sql
[0m05:09:07.981228 [debug] [MainThread]: Parsing macros\utils\listagg.sql
[0m05:09:07.981228 [debug] [MainThread]: Parsing macros\utils\split_part.sql
[0m05:09:07.996856 [debug] [MainThread]: Parsing macros\adapters\apply_grants.sql
[0m05:09:08.028105 [debug] [MainThread]: Parsing macros\adapters\columns.sql
[0m05:09:08.059355 [debug] [MainThread]: Parsing macros\adapters\freshness.sql
[0m05:09:08.074981 [debug] [MainThread]: Parsing macros\adapters\indexes.sql
[0m05:09:08.074981 [debug] [MainThread]: Parsing macros\adapters\metadata.sql
[0m05:09:08.090608 [debug] [MainThread]: Parsing macros\adapters\persist_docs.sql
[0m05:09:08.106228 [debug] [MainThread]: Parsing macros\adapters\relation.sql
[0m05:09:08.153105 [debug] [MainThread]: Parsing macros\adapters\schema.sql
[0m05:09:08.153105 [debug] [MainThread]: Parsing macros\adapters\timestamps.sql
[0m05:09:08.168728 [debug] [MainThread]: Parsing macros\etc\datetime.sql
[0m05:09:08.184352 [debug] [MainThread]: Parsing macros\etc\statement.sql
[0m05:09:08.184352 [debug] [MainThread]: Parsing macros\generic_test_sql\accepted_values.sql
[0m05:09:08.184352 [debug] [MainThread]: Parsing macros\generic_test_sql\not_null.sql
[0m05:09:08.199982 [debug] [MainThread]: Parsing macros\generic_test_sql\relationships.sql
[0m05:09:08.199982 [debug] [MainThread]: Parsing macros\generic_test_sql\unique.sql
[0m05:09:08.199982 [debug] [MainThread]: Parsing macros\get_custom_name\get_custom_alias.sql
[0m05:09:08.199982 [debug] [MainThread]: Parsing macros\get_custom_name\get_custom_database.sql
[0m05:09:08.199982 [debug] [MainThread]: Parsing macros\get_custom_name\get_custom_schema.sql
[0m05:09:08.215605 [debug] [MainThread]: Parsing macros\materializations\configs.sql
[0m05:09:08.215605 [debug] [MainThread]: Parsing macros\materializations\hooks.sql
[0m05:09:08.231227 [debug] [MainThread]: Parsing macros\materializations\models\incremental\column_helpers.sql
[0m05:09:08.246854 [debug] [MainThread]: Parsing macros\materializations\models\incremental\incremental.sql
[0m05:09:08.340618 [debug] [MainThread]: Parsing macros\materializations\models\incremental\is_incremental.sql
[0m05:09:08.340618 [debug] [MainThread]: Parsing macros\materializations\models\incremental\merge.sql
[0m05:09:08.387477 [debug] [MainThread]: Parsing macros\materializations\models\incremental\on_schema_change.sql
[0m05:09:08.449980 [debug] [MainThread]: Parsing macros\materializations\models\incremental\strategies.sql
[0m05:09:08.465607 [debug] [MainThread]: Parsing macros\materializations\models\table\create_table_as.sql
[0m05:09:08.481231 [debug] [MainThread]: Parsing macros\materializations\models\table\table.sql
[0m05:09:08.496851 [debug] [MainThread]: Parsing macros\materializations\models\view\create_or_replace_view.sql
[0m05:09:08.496851 [debug] [MainThread]: Parsing macros\materializations\models\view\create_view_as.sql
[0m05:09:08.512478 [debug] [MainThread]: Parsing macros\materializations\models\view\helpers.sql
[0m05:09:08.512478 [debug] [MainThread]: Parsing macros\materializations\models\view\view.sql
[0m05:09:08.528102 [debug] [MainThread]: Parsing macros\materializations\seeds\helpers.sql
[0m05:09:08.574983 [debug] [MainThread]: Parsing macros\materializations\seeds\seed.sql
[0m05:09:08.606227 [debug] [MainThread]: Parsing macros\materializations\snapshots\helpers.sql
[0m05:09:08.637477 [debug] [MainThread]: Parsing macros\materializations\snapshots\snapshot.sql
[0m05:09:08.653101 [debug] [MainThread]: Parsing macros\materializations\snapshots\snapshot_merge.sql
[0m05:09:08.653101 [debug] [MainThread]: Parsing macros\materializations\snapshots\strategies.sql
[0m05:09:08.699979 [debug] [MainThread]: Parsing macros\materializations\tests\helpers.sql
[0m05:09:08.699979 [debug] [MainThread]: Parsing macros\materializations\tests\test.sql
[0m05:09:08.715606 [debug] [MainThread]: Parsing macros\materializations\tests\where_subquery.sql
[0m05:09:08.715606 [debug] [MainThread]: Parsing macros\python_model\python.sql
[0m05:09:08.731230 [debug] [MainThread]: Parsing macros\utils\any_value.sql
[0m05:09:08.731230 [debug] [MainThread]: Parsing macros\utils\array_append.sql
[0m05:09:08.731230 [debug] [MainThread]: Parsing macros\utils\array_concat.sql
[0m05:09:08.731230 [debug] [MainThread]: Parsing macros\utils\array_construct.sql
[0m05:09:08.746855 [debug] [MainThread]: Parsing macros\utils\bool_or.sql
[0m05:09:08.746855 [debug] [MainThread]: Parsing macros\utils\cast_bool_to_text.sql
[0m05:09:08.746855 [debug] [MainThread]: Parsing macros\utils\concat.sql
[0m05:09:08.762477 [debug] [MainThread]: Parsing macros\utils\data_types.sql
[0m05:09:08.778106 [debug] [MainThread]: Parsing macros\utils\dateadd.sql
[0m05:09:08.778106 [debug] [MainThread]: Parsing macros\utils\datediff.sql
[0m05:09:08.778106 [debug] [MainThread]: Parsing macros\utils\date_trunc.sql
[0m05:09:08.778106 [debug] [MainThread]: Parsing macros\utils\escape_single_quotes.sql
[0m05:09:08.778106 [debug] [MainThread]: Parsing macros\utils\except.sql
[0m05:09:08.778106 [debug] [MainThread]: Parsing macros\utils\hash.sql
[0m05:09:08.793733 [debug] [MainThread]: Parsing macros\utils\intersect.sql
[0m05:09:08.793733 [debug] [MainThread]: Parsing macros\utils\last_day.sql
[0m05:09:08.793733 [debug] [MainThread]: Parsing macros\utils\length.sql
[0m05:09:08.793733 [debug] [MainThread]: Parsing macros\utils\listagg.sql
[0m05:09:08.809355 [debug] [MainThread]: Parsing macros\utils\literal.sql
[0m05:09:08.809355 [debug] [MainThread]: Parsing macros\utils\position.sql
[0m05:09:08.809355 [debug] [MainThread]: Parsing macros\utils\replace.sql
[0m05:09:08.809355 [debug] [MainThread]: Parsing macros\utils\right.sql
[0m05:09:08.824981 [debug] [MainThread]: Parsing macros\utils\safe_cast.sql
[0m05:09:08.824981 [debug] [MainThread]: Parsing macros\utils\split_part.sql
[0m05:09:08.824981 [debug] [MainThread]: Parsing tests\generic\builtin.sql
[0m05:09:08.840607 [debug] [MainThread]: Parsing macros\cross_db_utils\array_append.sql
[0m05:09:08.840607 [debug] [MainThread]: Parsing macros\cross_db_utils\array_concat.sql
[0m05:09:08.856233 [debug] [MainThread]: Parsing macros\cross_db_utils\array_construct.sql
[0m05:09:08.856233 [debug] [MainThread]: Parsing macros\cross_db_utils\cast_array_to_string.sql
[0m05:09:08.871854 [debug] [MainThread]: Parsing macros\cross_db_utils\current_timestamp.sql
[0m05:09:08.871854 [debug] [MainThread]: Parsing macros\cross_db_utils\deprecated\any_value.sql
[0m05:09:08.887480 [debug] [MainThread]: Parsing macros\cross_db_utils\deprecated\bool_or.sql
[0m05:09:08.887480 [debug] [MainThread]: Parsing macros\cross_db_utils\deprecated\cast_bool_to_text.sql
[0m05:09:08.887480 [debug] [MainThread]: Parsing macros\cross_db_utils\deprecated\concat.sql
[0m05:09:08.903105 [debug] [MainThread]: Parsing macros\cross_db_utils\deprecated\datatypes.sql
[0m05:09:08.918730 [debug] [MainThread]: Parsing macros\cross_db_utils\deprecated\dateadd.sql
[0m05:09:08.918730 [debug] [MainThread]: Parsing macros\cross_db_utils\deprecated\datediff.sql
[0m05:09:08.918730 [debug] [MainThread]: Parsing macros\cross_db_utils\deprecated\date_trunc.sql
[0m05:09:08.934354 [debug] [MainThread]: Parsing macros\cross_db_utils\deprecated\escape_single_quotes.sql
[0m05:09:08.934354 [debug] [MainThread]: Parsing macros\cross_db_utils\deprecated\except.sql
[0m05:09:08.934354 [debug] [MainThread]: Parsing macros\cross_db_utils\deprecated\hash.sql
[0m05:09:08.949982 [debug] [MainThread]: Parsing macros\cross_db_utils\deprecated\identifier.sql
[0m05:09:08.949982 [debug] [MainThread]: Parsing macros\cross_db_utils\deprecated\intersect.sql
[0m05:09:08.949982 [debug] [MainThread]: Parsing macros\cross_db_utils\deprecated\last_day.sql
[0m05:09:08.965615 [debug] [MainThread]: Parsing macros\cross_db_utils\deprecated\length.sql
[0m05:09:08.983327 [debug] [MainThread]: Parsing macros\cross_db_utils\deprecated\listagg.sql
[0m05:09:08.986860 [debug] [MainThread]: Parsing macros\cross_db_utils\deprecated\literal.sql
[0m05:09:08.986860 [debug] [MainThread]: Parsing macros\cross_db_utils\deprecated\position.sql
[0m05:09:09.001500 [debug] [MainThread]: Parsing macros\cross_db_utils\deprecated\replace.sql
[0m05:09:09.006514 [debug] [MainThread]: Parsing macros\cross_db_utils\deprecated\right.sql
[0m05:09:09.006514 [debug] [MainThread]: Parsing macros\cross_db_utils\deprecated\safe_cast.sql
[0m05:09:09.006514 [debug] [MainThread]: Parsing macros\cross_db_utils\deprecated\split_part.sql
[0m05:09:09.022156 [debug] [MainThread]: Parsing macros\cross_db_utils\deprecated\xdb_deprecation_warning.sql
[0m05:09:09.022156 [debug] [MainThread]: Parsing macros\generic_tests\accepted_range.sql
[0m05:09:09.037783 [debug] [MainThread]: Parsing macros\generic_tests\at_least_one.sql
[0m05:09:09.037783 [debug] [MainThread]: Parsing macros\generic_tests\cardinality_equality.sql
[0m05:09:09.037783 [debug] [MainThread]: Parsing macros\generic_tests\equality.sql
[0m05:09:09.053409 [debug] [MainThread]: Parsing macros\generic_tests\equal_rowcount.sql
[0m05:09:09.069030 [debug] [MainThread]: Parsing macros\generic_tests\expression_is_true.sql
[0m05:09:09.069030 [debug] [MainThread]: Parsing macros\generic_tests\fewer_rows_than.sql
[0m05:09:09.069030 [debug] [MainThread]: Parsing macros\generic_tests\mutually_exclusive_ranges.sql
[0m05:09:09.084652 [debug] [MainThread]: Parsing macros\generic_tests\not_accepted_values.sql
[0m05:09:09.084652 [debug] [MainThread]: Parsing macros\generic_tests\not_constant.sql
[0m05:09:09.100279 [debug] [MainThread]: Parsing macros\generic_tests\not_null_proportion.sql
[0m05:09:09.100279 [debug] [MainThread]: Parsing macros\generic_tests\recency.sql
[0m05:09:09.100279 [debug] [MainThread]: Parsing macros\generic_tests\relationships_where.sql
[0m05:09:09.115909 [debug] [MainThread]: Parsing macros\generic_tests\sequential_values.sql
[0m05:09:09.131532 [debug] [MainThread]: Parsing macros\generic_tests\test_not_null_where.sql
[0m05:09:09.131532 [debug] [MainThread]: Parsing macros\generic_tests\test_unique_where.sql
[0m05:09:09.131532 [debug] [MainThread]: Parsing macros\generic_tests\unique_combination_of_columns.sql
[0m05:09:09.147157 [debug] [MainThread]: Parsing macros\jinja_helpers\log_info.sql
[0m05:09:09.147157 [debug] [MainThread]: Parsing macros\jinja_helpers\pretty_log_format.sql
[0m05:09:09.162781 [debug] [MainThread]: Parsing macros\jinja_helpers\pretty_time.sql
[0m05:09:09.162781 [debug] [MainThread]: Parsing macros\jinja_helpers\slugify.sql
[0m05:09:09.162781 [debug] [MainThread]: Parsing macros\jinja_helpers\_is_ephemeral.sql
[0m05:09:09.178404 [debug] [MainThread]: Parsing macros\jinja_helpers\_is_relation.sql
[0m05:09:09.178404 [debug] [MainThread]: Parsing macros\materializations\insert_by_period_materialization.sql
[0m05:09:09.240903 [debug] [MainThread]: Parsing macros\sql\date_spine.sql
[0m05:09:09.240903 [debug] [MainThread]: Parsing macros\sql\deduplicate.sql
[0m05:09:09.272155 [debug] [MainThread]: Parsing macros\sql\generate_series.sql
[0m05:09:09.272155 [debug] [MainThread]: Parsing macros\sql\get_column_values.sql
[0m05:09:09.303408 [debug] [MainThread]: Parsing macros\sql\get_filtered_columns_in_relation.sql
[0m05:09:09.303408 [debug] [MainThread]: Parsing macros\sql\get_query_results_as_dict.sql
[0m05:09:09.319028 [debug] [MainThread]: Parsing macros\sql\get_relations_by_pattern.sql
[0m05:09:09.319028 [debug] [MainThread]: Parsing macros\sql\get_relations_by_prefix.sql
[0m05:09:09.334653 [debug] [MainThread]: Parsing macros\sql\get_tables_by_pattern_sql.sql
[0m05:09:09.350281 [debug] [MainThread]: Parsing macros\sql\get_tables_by_prefix_sql.sql
[0m05:09:09.365906 [debug] [MainThread]: Parsing macros\sql\get_table_types_sql.sql
[0m05:09:09.365906 [debug] [MainThread]: Parsing macros\sql\groupby.sql
[0m05:09:09.365906 [debug] [MainThread]: Parsing macros\sql\haversine_distance.sql
[0m05:09:09.381531 [debug] [MainThread]: Parsing macros\sql\nullcheck.sql
[0m05:09:09.381531 [debug] [MainThread]: Parsing macros\sql\nullcheck_table.sql
[0m05:09:09.381531 [debug] [MainThread]: Parsing macros\sql\pivot.sql
[0m05:09:09.397158 [debug] [MainThread]: Parsing macros\sql\safe_add.sql
[0m05:09:09.397158 [debug] [MainThread]: Parsing macros\sql\star.sql
[0m05:09:09.397158 [debug] [MainThread]: Parsing macros\sql\surrogate_key.sql
[0m05:09:09.412779 [debug] [MainThread]: Parsing macros\sql\union.sql
[0m05:09:09.444032 [debug] [MainThread]: Parsing macros\sql\unpivot.sql
[0m05:09:09.475280 [debug] [MainThread]: Parsing macros\sql\width_bucket.sql
[0m05:09:09.490908 [debug] [MainThread]: Parsing macros\web\get_url_host.sql
[0m05:09:09.490908 [debug] [MainThread]: Parsing macros\web\get_url_parameter.sql
[0m05:09:09.490908 [debug] [MainThread]: Parsing macros\web\get_url_path.sql
[0m05:09:10.740903 [debug] [MainThread]: 1699: static parser successfully parsed v_join_orders.sql
[0m05:09:10.772163 [debug] [MainThread]: 1603: static parser failed on v_pivot_orders.sql
[0m05:09:10.803407 [debug] [MainThread]: 1602: parser fallback to jinja rendering on v_pivot_orders.sql
[0m05:09:11.022156 [debug] [MainThread]: Sending event: {'category': 'dbt', 'action': 'load_project', 'label': '70a4a1a5-99a9-4d25-982e-a61849b3c42b', 'context': [<snowplow_tracker.self_describing_json.SelfDescribingJson object at 0x0000027232225D20>]}
[0m05:09:11.037783 [debug] [MainThread]: Sending event: {'category': 'dbt', 'action': 'resource_counts', 'label': '70a4a1a5-99a9-4d25-982e-a61849b3c42b', 'context': [<snowplow_tracker.self_describing_json.SelfDescribingJson object at 0x0000027235AD8C70>]}
[0m05:09:11.037783 [info ] [MainThread]: Found 2 models, 0 tests, 0 snapshots, 0 analyses, 486 macros, 0 operations, 0 seed files, 3 sources, 0 exposures, 0 metrics
[0m05:09:11.037783 [debug] [MainThread]: Sending event: {'category': 'dbt', 'action': 'runnable_timing', 'label': '70a4a1a5-99a9-4d25-982e-a61849b3c42b', 'context': [<snowplow_tracker.self_describing_json.SelfDescribingJson object at 0x0000027232225E10>]}
[0m05:09:11.053412 [info ] [MainThread]: 
[0m05:09:11.053412 [debug] [MainThread]: Acquiring new postgres connection "master"
[0m05:09:11.053412 [debug] [ThreadPool]: Acquiring new postgres connection "list_dbtest"
[0m05:09:11.084660 [debug] [ThreadPool]: Using postgres connection "list_dbtest"
[0m05:09:11.084660 [debug] [ThreadPool]: On list_dbtest: /* {"app": "dbt", "dbt_version": "1.4.0a1", "profile_name": "mystore_public", "target_name": "dev", "connection_name": "list_dbtest"} */

    select distinct nspname from pg_namespace
  
[0m05:09:11.100285 [debug] [ThreadPool]: Opening a new connection, currently in state init
[0m05:09:11.162780 [debug] [ThreadPool]: SQL status: SELECT 8 in 0.08 seconds
[0m05:09:11.178405 [debug] [ThreadPool]: On list_dbtest: Close
[0m05:09:11.178405 [debug] [ThreadPool]: Acquiring new postgres connection "list_dbtest_dbo"
[0m05:09:11.194037 [debug] [ThreadPool]: Using postgres connection "list_dbtest_dbo"
[0m05:09:11.194037 [debug] [ThreadPool]: On list_dbtest_dbo: BEGIN
[0m05:09:11.194037 [debug] [ThreadPool]: Opening a new connection, currently in state init
[0m05:09:11.259468 [debug] [ThreadPool]: SQL status: BEGIN in 0.07 seconds
[0m05:09:11.259468 [debug] [ThreadPool]: Using postgres connection "list_dbtest_dbo"
[0m05:09:11.259468 [debug] [ThreadPool]: On list_dbtest_dbo: /* {"app": "dbt", "dbt_version": "1.4.0a1", "profile_name": "mystore_public", "target_name": "dev", "connection_name": "list_dbtest_dbo"} */
select
      'dbtest' as database,
      tablename as name,
      schemaname as schema,
      'table' as type
    from pg_tables
    where schemaname ilike 'dbo'
    union all
    select
      'dbtest' as database,
      viewname as name,
      schemaname as schema,
      'view' as type
    from pg_views
    where schemaname ilike 'dbo'
  
[0m05:09:11.275091 [debug] [ThreadPool]: SQL status: SELECT 8 in 0.02 seconds
[0m05:09:11.275091 [debug] [ThreadPool]: On list_dbtest_dbo: ROLLBACK
[0m05:09:11.275091 [debug] [ThreadPool]: On list_dbtest_dbo: Close
[0m05:09:11.306346 [debug] [MainThread]: Using postgres connection "master"
[0m05:09:11.306346 [debug] [MainThread]: On master: BEGIN
[0m05:09:11.306346 [debug] [MainThread]: Opening a new connection, currently in state init
[0m05:09:11.400093 [debug] [MainThread]: SQL status: BEGIN in 0.09 seconds
[0m05:09:11.400093 [debug] [MainThread]: Using postgres connection "master"
[0m05:09:11.400093 [debug] [MainThread]: On master: /* {"app": "dbt", "dbt_version": "1.4.0a1", "profile_name": "mystore_public", "target_name": "dev", "connection_name": "master"} */
with relation as (
        select
            pg_rewrite.ev_class as class,
            pg_rewrite.oid as id
        from pg_rewrite
    ),
    class as (
        select
            oid as id,
            relname as name,
            relnamespace as schema,
            relkind as kind
        from pg_class
    ),
    dependency as (
        select distinct
            pg_depend.objid as id,
            pg_depend.refobjid as ref
        from pg_depend
    ),
    schema as (
        select
            pg_namespace.oid as id,
            pg_namespace.nspname as name
        from pg_namespace
        where nspname != 'information_schema' and nspname not like 'pg\_%'
    ),
    referenced as (
        select
            relation.id AS id,
            referenced_class.name ,
            referenced_class.schema ,
            referenced_class.kind
        from relation
        join class as referenced_class on relation.class=referenced_class.id
        where referenced_class.kind in ('r', 'v')
    ),
    relationships as (
        select
            referenced.name as referenced_name,
            referenced.schema as referenced_schema_id,
            dependent_class.name as dependent_name,
            dependent_class.schema as dependent_schema_id,
            referenced.kind as kind
        from referenced
        join dependency on referenced.id=dependency.id
        join class as dependent_class on dependency.ref=dependent_class.id
        where
            (referenced.name != dependent_class.name or
             referenced.schema != dependent_class.schema)
    )

    select
        referenced_schema.name as referenced_schema,
        relationships.referenced_name as referenced_name,
        dependent_schema.name as dependent_schema,
        relationships.dependent_name as dependent_name
    from relationships
    join schema as dependent_schema on relationships.dependent_schema_id=dependent_schema.id
    join schema as referenced_schema on relationships.referenced_schema_id=referenced_schema.id
    group by referenced_schema, referenced_name, dependent_schema, dependent_name
    order by referenced_schema, referenced_name, dependent_schema, dependent_name;
[0m05:09:11.431343 [debug] [MainThread]: SQL status: SELECT 17 in 0.03 seconds
[0m05:09:11.446970 [debug] [MainThread]: Sending event: {'category': 'dbt', 'action': 'runnable_timing', 'label': '70a4a1a5-99a9-4d25-982e-a61849b3c42b', 'context': [<snowplow_tracker.self_describing_json.SelfDescribingJson object at 0x00000272321DBC40>]}
[0m05:09:11.446970 [debug] [MainThread]: On master: ROLLBACK
[0m05:09:11.446970 [debug] [MainThread]: Using postgres connection "master"
[0m05:09:11.446970 [debug] [MainThread]: On master: BEGIN
[0m05:09:11.446970 [debug] [MainThread]: SQL status: BEGIN in 0.0 seconds
[0m05:09:11.446970 [debug] [MainThread]: On master: COMMIT
[0m05:09:11.446970 [debug] [MainThread]: Using postgres connection "master"
[0m05:09:11.446970 [debug] [MainThread]: On master: COMMIT
[0m05:09:11.446970 [debug] [MainThread]: SQL status: COMMIT in 0.0 seconds
[0m05:09:11.446970 [debug] [MainThread]: On master: Close
[0m05:09:11.446970 [info ] [MainThread]: Concurrency: 1 threads (target='dev')
[0m05:09:11.446970 [info ] [MainThread]: 
[0m05:09:11.462593 [debug] [Thread-1 (]: Began running node model.test2.v_join_orders
[0m05:09:11.462593 [info ] [Thread-1 (]: 1 of 2 START sql view model dbo.v_join_orders .................................. [RUN]
[0m05:09:11.478216 [debug] [Thread-1 (]: Acquiring new postgres connection "model.test2.v_join_orders"
[0m05:09:11.478216 [debug] [Thread-1 (]: Began compiling node model.test2.v_join_orders
[0m05:09:11.478216 [debug] [Thread-1 (]: Compiling model.test2.v_join_orders
[0m05:09:11.478216 [debug] [Thread-1 (]: Writing injected SQL for node "model.test2.v_join_orders"
[0m05:09:11.493844 [debug] [Thread-1 (]: finished collecting timing info
[0m05:09:11.493844 [debug] [Thread-1 (]: Began executing node model.test2.v_join_orders
[0m05:09:11.603213 [debug] [Thread-1 (]: Writing runtime sql for node "model.test2.v_join_orders"
[0m05:09:11.603213 [debug] [Thread-1 (]: Using postgres connection "model.test2.v_join_orders"
[0m05:09:11.603213 [debug] [Thread-1 (]: On model.test2.v_join_orders: BEGIN
[0m05:09:11.603213 [debug] [Thread-1 (]: Opening a new connection, currently in state init
[0m05:09:11.665716 [debug] [Thread-1 (]: SQL status: BEGIN in 0.06 seconds
[0m05:09:11.665716 [debug] [Thread-1 (]: Using postgres connection "model.test2.v_join_orders"
[0m05:09:11.665716 [debug] [Thread-1 (]: On model.test2.v_join_orders: /* {"app": "dbt", "dbt_version": "1.4.0a1", "profile_name": "mystore_public", "target_name": "dev", "node_id": "model.test2.v_join_orders"} */

  create view "dbtest"."dbo"."v_join_orders__dbt_tmp" as (
    SELECT 
	O.OrderID,
	C.CustomerID,
	C.CustomerName,	
	P.ProductName,
    O.OrderCount
FROM
	"dbtest"."dbo"."orders" O
	INNER JOIN "dbtest"."dbo"."customers" C ON C.CustomerID = O.CustomerID
	INNER JOIN "dbtest"."dbo"."products" P ON P.ProductID = O.ProductID
  );
[0m05:09:11.681344 [debug] [Thread-1 (]: SQL status: CREATE VIEW in 0.02 seconds
[0m05:09:11.696972 [debug] [Thread-1 (]: Using postgres connection "model.test2.v_join_orders"
[0m05:09:11.696972 [debug] [Thread-1 (]: On model.test2.v_join_orders: /* {"app": "dbt", "dbt_version": "1.4.0a1", "profile_name": "mystore_public", "target_name": "dev", "node_id": "model.test2.v_join_orders"} */
alter table "dbtest"."dbo"."v_join_orders" rename to "v_join_orders__dbt_backup"
[0m05:09:11.696972 [debug] [Thread-1 (]: SQL status: ALTER TABLE in 0.0 seconds
[0m05:09:11.712598 [debug] [Thread-1 (]: Using postgres connection "model.test2.v_join_orders"
[0m05:09:11.712598 [debug] [Thread-1 (]: On model.test2.v_join_orders: /* {"app": "dbt", "dbt_version": "1.4.0a1", "profile_name": "mystore_public", "target_name": "dev", "node_id": "model.test2.v_join_orders"} */
alter table "dbtest"."dbo"."v_join_orders__dbt_tmp" rename to "v_join_orders"
[0m05:09:11.712598 [debug] [Thread-1 (]: SQL status: ALTER TABLE in 0.0 seconds
[0m05:09:11.775094 [debug] [Thread-1 (]: On model.test2.v_join_orders: COMMIT
[0m05:09:11.775094 [debug] [Thread-1 (]: Using postgres connection "model.test2.v_join_orders"
[0m05:09:11.775094 [debug] [Thread-1 (]: On model.test2.v_join_orders: COMMIT
[0m05:09:11.775094 [debug] [Thread-1 (]: SQL status: COMMIT in 0.0 seconds
[0m05:09:11.790715 [debug] [Thread-1 (]: Using postgres connection "model.test2.v_join_orders"
[0m05:09:11.790715 [debug] [Thread-1 (]: On model.test2.v_join_orders: /* {"app": "dbt", "dbt_version": "1.4.0a1", "profile_name": "mystore_public", "target_name": "dev", "node_id": "model.test2.v_join_orders"} */
drop view if exists "dbtest"."dbo"."v_join_orders__dbt_backup" cascade
[0m05:09:11.790715 [debug] [Thread-1 (]: SQL status: DROP VIEW in 0.0 seconds
[0m05:09:11.790715 [debug] [Thread-1 (]: finished collecting timing info
[0m05:09:11.790715 [debug] [Thread-1 (]: On model.test2.v_join_orders: Close
[0m05:09:11.806344 [debug] [Thread-1 (]: Sending event: {'category': 'dbt', 'action': 'run_model', 'label': '70a4a1a5-99a9-4d25-982e-a61849b3c42b', 'context': [<snowplow_tracker.self_describing_json.SelfDescribingJson object at 0x00000272321D9030>]}
[0m05:09:11.806344 [info ] [Thread-1 (]: 1 of 2 OK created sql view model dbo.v_join_orders ............................. [[32mCREATE VIEW[0m in 0.33s]
[0m05:09:11.806344 [debug] [Thread-1 (]: Finished running node model.test2.v_join_orders
[0m05:09:11.806344 [debug] [Thread-1 (]: Began running node model.test2.v_pivot_orders
[0m05:09:11.806344 [info ] [Thread-1 (]: 2 of 2 START sql view model dbo.v_pivot_orders ................................. [RUN]
[0m05:09:11.821967 [debug] [Thread-1 (]: Acquiring new postgres connection "model.test2.v_pivot_orders"
[0m05:09:11.821967 [debug] [Thread-1 (]: Began compiling node model.test2.v_pivot_orders
[0m05:09:11.821967 [debug] [Thread-1 (]: Compiling model.test2.v_pivot_orders
[0m05:09:11.853225 [debug] [Thread-1 (]: Using postgres connection "model.test2.v_pivot_orders"
[0m05:09:11.853225 [debug] [Thread-1 (]: On model.test2.v_pivot_orders: BEGIN
[0m05:09:11.853225 [debug] [Thread-1 (]: Opening a new connection, currently in state closed
[0m05:09:11.915719 [debug] [Thread-1 (]: SQL status: BEGIN in 0.06 seconds
[0m05:09:11.915719 [debug] [Thread-1 (]: Using postgres connection "model.test2.v_pivot_orders"
[0m05:09:11.915719 [debug] [Thread-1 (]: On model.test2.v_pivot_orders: /* {"app": "dbt", "dbt_version": "1.4.0a1", "profile_name": "mystore_public", "target_name": "dev", "node_id": "model.test2.v_pivot_orders"} */
select
                productname as value

            from "dbtest"."dbo"."v_join_orders"

            

            group by productname
            order by productname

            

        
[0m05:09:11.915719 [debug] [Thread-1 (]: SQL status: SELECT 2 in 0.0 seconds
[0m05:09:11.915719 [debug] [Thread-1 (]: Writing injected SQL for node "model.test2.v_pivot_orders"
[0m05:09:11.931343 [debug] [Thread-1 (]: finished collecting timing info
[0m05:09:11.931343 [debug] [Thread-1 (]: Began executing node model.test2.v_pivot_orders
[0m05:09:11.931343 [debug] [Thread-1 (]: Writing runtime sql for node "model.test2.v_pivot_orders"
[0m05:09:11.946966 [debug] [Thread-1 (]: Using postgres connection "model.test2.v_pivot_orders"
[0m05:09:11.946966 [debug] [Thread-1 (]: On model.test2.v_pivot_orders: /* {"app": "dbt", "dbt_version": "1.4.0a1", "profile_name": "mystore_public", "target_name": "dev", "node_id": "model.test2.v_pivot_orders"} */

  create view "dbtest"."dbo"."v_pivot_orders__dbt_tmp" as (
    
select
    customerid,
    customername,
    
        sum(case when productname = 'HP' then ordercount end) as "HP",
    
        sum(case when productname = 'Notebook' then ordercount end) as "Notebook",
    
    
    sum(ordercount) "Total"
from
    "dbtest"."dbo"."v_join_orders"
group by 
customerid,
    customername
  );
[0m05:09:11.946966 [debug] [Thread-1 (]: SQL status: CREATE VIEW in 0.0 seconds
[0m05:09:11.962592 [debug] [Thread-1 (]: Using postgres connection "model.test2.v_pivot_orders"
[0m05:09:11.962592 [debug] [Thread-1 (]: On model.test2.v_pivot_orders: /* {"app": "dbt", "dbt_version": "1.4.0a1", "profile_name": "mystore_public", "target_name": "dev", "node_id": "model.test2.v_pivot_orders"} */
alter table "dbtest"."dbo"."v_pivot_orders__dbt_tmp" rename to "v_pivot_orders"
[0m05:09:11.962592 [debug] [Thread-1 (]: SQL status: ALTER TABLE in 0.0 seconds
[0m05:09:11.962592 [debug] [Thread-1 (]: On model.test2.v_pivot_orders: COMMIT
[0m05:09:11.962592 [debug] [Thread-1 (]: Using postgres connection "model.test2.v_pivot_orders"
[0m05:09:11.978216 [debug] [Thread-1 (]: On model.test2.v_pivot_orders: COMMIT
[0m05:09:11.978216 [debug] [Thread-1 (]: SQL status: COMMIT in 0.0 seconds
[0m05:09:11.978216 [debug] [Thread-1 (]: Using postgres connection "model.test2.v_pivot_orders"
[0m05:09:11.978216 [debug] [Thread-1 (]: On model.test2.v_pivot_orders: /* {"app": "dbt", "dbt_version": "1.4.0a1", "profile_name": "mystore_public", "target_name": "dev", "node_id": "model.test2.v_pivot_orders"} */
drop view if exists "dbtest"."dbo"."v_pivot_orders__dbt_backup" cascade
[0m05:09:11.978216 [debug] [Thread-1 (]: SQL status: DROP VIEW in 0.0 seconds
[0m05:09:11.993842 [debug] [Thread-1 (]: finished collecting timing info
[0m05:09:11.993842 [debug] [Thread-1 (]: On model.test2.v_pivot_orders: Close
[0m05:09:11.993842 [debug] [Thread-1 (]: Sending event: {'category': 'dbt', 'action': 'run_model', 'label': '70a4a1a5-99a9-4d25-982e-a61849b3c42b', 'context': [<snowplow_tracker.self_describing_json.SelfDescribingJson object at 0x0000027235E511B0>]}
[0m05:09:11.993842 [info ] [Thread-1 (]: 2 of 2 OK created sql view model dbo.v_pivot_orders ............................ [[32mCREATE VIEW[0m in 0.19s]
[0m05:09:11.993842 [debug] [Thread-1 (]: Finished running node model.test2.v_pivot_orders
[0m05:09:11.993842 [debug] [MainThread]: Acquiring new postgres connection "master"
[0m05:09:11.993842 [debug] [MainThread]: Using postgres connection "master"
[0m05:09:11.993842 [debug] [MainThread]: On master: BEGIN
[0m05:09:11.993842 [debug] [MainThread]: Opening a new connection, currently in state closed
[0m05:09:12.071967 [debug] [MainThread]: SQL status: BEGIN in 0.08 seconds
[0m05:09:12.071967 [debug] [MainThread]: On master: COMMIT
[0m05:09:12.071967 [debug] [MainThread]: Using postgres connection "master"
[0m05:09:12.071967 [debug] [MainThread]: On master: COMMIT
[0m05:09:12.071967 [debug] [MainThread]: SQL status: COMMIT in 0.0 seconds
[0m05:09:12.071967 [debug] [MainThread]: On master: Close
[0m05:09:12.089458 [debug] [MainThread]: Connection 'master' was properly closed.
[0m05:09:12.089971 [debug] [MainThread]: Connection 'list_dbtest' was properly closed.
[0m05:09:12.089971 [debug] [MainThread]: Connection 'list_dbtest_dbo' was properly closed.
[0m05:09:12.089971 [debug] [MainThread]: Connection 'model.test2.v_pivot_orders' was properly closed.
[0m05:09:12.089971 [info ] [MainThread]: 
[0m05:09:12.089971 [info ] [MainThread]: Finished running 2 view models in 0 hours 0 minutes and 1.04 seconds (1.04s).
[0m05:09:12.089971 [debug] [MainThread]: Command end result
[0m05:09:12.121238 [info ] [MainThread]: 
[0m05:09:12.121238 [info ] [MainThread]: [32mCompleted successfully[0m
[0m05:09:12.121238 [info ] [MainThread]: 
[0m05:09:12.136864 [info ] [MainThread]: Done. PASS=2 WARN=0 ERROR=0 SKIP=0 TOTAL=2
[0m05:09:12.136864 [debug] [MainThread]: Sending event: {'category': 'dbt', 'action': 'invocation', 'label': 'end', 'context': [<snowplow_tracker.self_describing_json.SelfDescribingJson object at 0x00000272321CE6E0>, <snowplow_tracker.self_describing_json.SelfDescribingJson object at 0x00000272321CF3A0>, <snowplow_tracker.self_describing_json.SelfDescribingJson object at 0x00000272321CE470>]}
[0m05:09:12.136864 [debug] [MainThread]: Flushing usage events
